<?xml version="1.0" encoding="UTF-8"?>
<!-- Generated by org.testng.reporters.JUnitReportReporter -->
<testsuite hostname="PC-9" failures="0" tests="1" name="tests_AssignmentTask_BlocksOne.Sample" time="18.694" errors="0" timestamp="2024-08-01T05:21:20 IST" skipped="0">
  <testcase classname="tests_AssignmentTask_BlocksOne.Sample" name="verifySample" time="18.694"/>
  <system-out/>
</testsuite> <!-- tests_AssignmentTask_BlocksOne.Sample -->
