<?xml version="1.0" encoding="UTF-8"?>
<!-- Generated by org.testng.reporters.JUnitReportReporter -->
<testsuite hostname="PC-9" failures="0" tests="4" name="tests_AssignmentTask_BlocksOne.VerifyLinks" time="15.067" errors="0" timestamp="2024-07-31T14:10:48 IST" skipped="3">
  <testcase classname="tests_AssignmentTask_BlocksOne.VerifyLinks" name="verifyLinksContactUs" time="15.067"/>
  <system-out/>
  <testcase classname="tests_AssignmentTask_BlocksOne.VerifyLinks" name="verifyLinksAboutUs">
    <skipped/>
  </testcase> <!-- verifyLinksAboutUs -->
  <system-out/>
  <testcase classname="tests_AssignmentTask_BlocksOne.VerifyLinks" name="verifyLinksServices">
    <skipped/>
  </testcase> <!-- verifyLinksServices -->
  <system-out/>
  <testcase classname="tests_AssignmentTask_BlocksOne.VerifyLinks" name="verifyLinksCareers">
    <skipped/>
  </testcase> <!-- verifyLinksCareers -->
  <system-out/>
</testsuite> <!-- tests_AssignmentTask_BlocksOne.VerifyLinks -->
