<?xml version="1.0" encoding="UTF-8"?>
<!-- Generated by org.testng.reporters.JUnitReportReporter -->
<testsuite hostname="PC-9" failures="0" tests="4" name="tests_AssignmentTask_BlocksOne.Verify_Links_Services_ContactUs_AboutUs_Careers" time="33.860" errors="0" timestamp="2024-07-30T15:06:05 IST" skipped="3">
  <testcase classname="tests_AssignmentTask_BlocksOne.Verify_Links_Services_ContactUs_AboutUs_Careers" name="Verify_Links_ContactUs" time="33.860"/>
  <system-out/>
  <testcase classname="tests_AssignmentTask_BlocksOne.Verify_Links_Services_ContactUs_AboutUs_Careers" name="Verify_Links_Careers">
    <skipped/>
  </testcase> <!-- Verify_Links_Careers -->
  <system-out/>
  <testcase classname="tests_AssignmentTask_BlocksOne.Verify_Links_Services_ContactUs_AboutUs_Careers" name="Verify_Links_AboutUs">
    <skipped/>
  </testcase> <!-- Verify_Links_AboutUs -->
  <system-out/>
  <testcase classname="tests_AssignmentTask_BlocksOne.Verify_Links_Services_ContactUs_AboutUs_Careers" name="Verify_Links_Services">
    <skipped/>
  </testcase> <!-- Verify_Links_Services -->
  <system-out/>
</testsuite> <!-- tests_AssignmentTask_BlocksOne.Verify_Links_Services_ContactUs_AboutUs_Careers -->
