<?xml version="1.0" encoding="UTF-8"?>
<!-- Generated by org.testng.reporters.JUnitReportReporter -->
<testsuite hostname="PC-9" failures="0" tests="3" name="tests_AssignmentTask_BlocksOne.Test_AllElements_HP" time="75.789" errors="0" timestamp="2024-07-30T18:15:19 IST" skipped="0">
  <testcase classname="tests_AssignmentTask_BlocksOne.Test_AllElements_HP" name="verifyIndustryWeServe" time="36.029"/>
  <system-out/>
  <testcase classname="tests_AssignmentTask_BlocksOne.Test_AllElements_HP" name="verifyNextAndPreviousButtons" time="12.210"/>
  <system-out/>
  <testcase classname="tests_AssignmentTask_BlocksOne.Test_AllElements_HP" name="verifyMouseHoverEffectOnImages" time="27.550"/>
  <system-out/>
</testsuite> <!-- tests_AssignmentTask_BlocksOne.Test_AllElements_HP -->
