<?xml version="1.0" encoding="UTF-8"?>
<!-- Generated by org.testng.reporters.JUnitReportReporter -->
<testsuite hostname="PC-9" failures="0" tests="2" name="tests_AssignmentTask_BlocksOne.Test_FooterSection" time="37.081" errors="0" timestamp="2024-07-30T19:19:52 IST" skipped="1">
  <testcase classname="tests_AssignmentTask_BlocksOne.Test_FooterSection" name="verify_ContactNumber" time="37.081"/>
  <system-out/>
  <testcase classname="tests_AssignmentTask_BlocksOne.Test_FooterSection" name="verifyFooterSection">
    <skipped/>
  </testcase> <!-- verifyFooterSection -->
  <system-out/>
</testsuite> <!-- tests_AssignmentTask_BlocksOne.Test_FooterSection -->
