<?xml version="1.0" encoding="UTF-8"?>
<!-- Generated by org.testng.reporters.JUnitReportReporter -->
<testsuite hostname="PC-9" failures="0" tests="4" name="tests_AssignmentTask_BlocksOne.VerifyLinks" time="127.726" errors="0" timestamp="2024-07-30T14:44:14 IST" skipped="0">
  <testcase classname="tests_AssignmentTask_BlocksOne.VerifyLinks" name="verifyLinksCareers" time="61.960"/>
  <system-out/>
  <testcase classname="tests_AssignmentTask_BlocksOne.VerifyLinks" name="verifyLinksServices" time="27.803"/>
  <system-out/>
  <testcase classname="tests_AssignmentTask_BlocksOne.VerifyLinks" name="verifyLinksAboutUs" time="19.531"/>
  <system-out/>
  <testcase classname="tests_AssignmentTask_BlocksOne.VerifyLinks" name="verifyLinksContactUs" time="18.432"/>
  <system-out/>
</testsuite> <!-- tests_AssignmentTask_BlocksOne.VerifyLinks -->
