<?xml version="1.0" encoding="UTF-8"?>
<!-- Generated by org.testng.reporters.JUnitReportReporter -->
<testsuite hostname="PC-9" failures="0" tests="1" name="tests_AssignmentTask_BlocksOne.Verify_Functionality_Of_All_Tabs" time="30.402" errors="0" timestamp="2024-07-30T11:31:38 IST" skipped="0">
  <testcase classname="tests_AssignmentTask_BlocksOne.Verify_Functionality_Of_All_Tabs" name="verify_Tabs" time="30.402"/>
  <system-out/>
</testsuite> <!-- tests_AssignmentTask_BlocksOne.Verify_Functionality_Of_All_Tabs -->
