<?xml version="1.0" encoding="UTF-8"?>
<!-- Generated by org.testng.reporters.JUnitReportReporter -->
<testsuite hostname="PC-9" failures="0" tests="1" name="tests_AssignmentTask_BlocksOne.Test_Product_DropDown" time="35.254" errors="0" timestamp="2024-07-30T15:07:45 IST" skipped="0">
  <testcase classname="tests_AssignmentTask_BlocksOne.Test_Product_DropDown" name="verifyTabs" time="35.254"/>
  <system-out/>
</testsuite> <!-- tests_AssignmentTask_BlocksOne.Test_Product_DropDown -->
