<?xml version="1.0" encoding="UTF-8"?>
<!-- Generated by org.testng.reporters.JUnitReportReporter -->
<testsuite hostname="PC-9" failures="0" tests="3" name="tests_AssignmentTask_BlocksOne.Test_HomePageElements" time="21.368" errors="0" timestamp="2024-07-30T17:59:01 IST" skipped="2">
  <testcase classname="tests_AssignmentTask_BlocksOne.Test_HomePageElements" name="clickFunctionality_on_IndustryWeserve" time="21.368"/>
  <system-out/>
  <testcase classname="tests_AssignmentTask_BlocksOne.Test_HomePageElements" name="verify_mouseHover_effect_onimages">
    <skipped/>
  </testcase> <!-- verify_mouseHover_effect_onimages -->
  <system-out/>
  <testcase classname="tests_AssignmentTask_BlocksOne.Test_HomePageElements" name="verify_btn_NextAndPrevious">
    <skipped/>
  </testcase> <!-- verify_btn_NextAndPrevious -->
  <system-out/>
</testsuite> <!-- tests_AssignmentTask_BlocksOne.Test_HomePageElements -->
