<?xml version="1.0" encoding="UTF-8"?>
<!-- Generated by org.testng.reporters.JUnitReportReporter -->
<testsuite hostname="PC-9" failures="0" tests="10" name="tests_AssignmentTask_BlocksOne.Test_Tabs" time="124.949" errors="0" timestamp="2024-08-01T11:05:46 IST" skipped="0">
  <testcase classname="tests_AssignmentTask_BlocksOne.Test_Tabs" name="verifyNextAndPreviousButtons" time="12.480"/>
  <system-out/>
  <testcase classname="tests_AssignmentTask_BlocksOne.Test_Tabs" name="verify_ProductDropDown" time="11.309"/>
  <system-out/>
  <testcase classname="tests_AssignmentTask_BlocksOne.Test_Tabs" name="verifyLinksCareers" time="36.709"/>
  <system-out/>
  <testcase classname="tests_AssignmentTask_BlocksOne.Test_Tabs" name="verify_HomeTab" time="10.951"/>
  <system-out/>
  <testcase classname="tests_AssignmentTask_BlocksOne.Test_Tabs" name="verify_ExlporeAllProductTab" time="8.536"/>
  <system-out/>
  <testcase classname="tests_AssignmentTask_BlocksOne.Test_Tabs" name="verifyLinksContactUs" time="9.672"/>
  <system-out/>
  <testcase classname="tests_AssignmentTask_BlocksOne.Test_Tabs" name="verify_DiscoverServices" time="8.288"/>
  <system-out/>
  <testcase classname="tests_AssignmentTask_BlocksOne.Test_Tabs" name="verifyLinksServices" time="8.297"/>
  <system-out/>
  <testcase classname="tests_AssignmentTask_BlocksOne.Test_Tabs" name="verifyIndustryWeServe" time="8.611"/>
  <system-out/>
  <testcase classname="tests_AssignmentTask_BlocksOne.Test_Tabs" name="verifyLinksAboutUs" time="10.096"/>
  <system-out/>
</testsuite> <!-- tests_AssignmentTask_BlocksOne.Test_Tabs -->
